[2021-02-04 06:00:01] Starting......
[2021-02-04 06:00:01] 学年: 2020
[2021-02-04 06:00:01] 学期: 12
[2021-02-04 06:00:01] 周次: 20
[2021-02-04 06:00:01] 星期: 4
[2021-02-04 06:00:01] 初始化浏览器
[2021-02-04 06:00:04] 清空文件......
[2021-02-04 06:00:04] 清空文件完成......
[2021-02-04 06:00:04] 3获取中...
[2021-02-04 06:00:06] 3获取完成!
[2021-02-04 06:00:06] 12获取中...
[2021-02-04 06:00:08] 12获取完成!
[2021-02-04 06:00:08] 48获取中...
[2021-02-04 06:00:11] 48获取完成!
[2021-02-04 06:00:11] 192获取中...
[2021-02-04 06:00:13] 192获取完成!
[2021-02-04 06:00:13] 768获取中...
[2021-02-04 06:00:15] 768获取完成!
[2021-02-04 06:00:15] 调用Python......
[2021-02-04 06:00:15] SUCCESS End
[2021-02-04 06:00:15] 
[2021-02-05 06:00:02] Starting......
[2021-02-05 06:00:02] 学年: 2020
[2021-02-05 06:00:02] 学期: 12
[2021-02-05 06:00:02] 周次: 20
[2021-02-05 06:00:02] 星期: 5
[2021-02-05 06:00:02] 初始化浏览器
[2021-02-05 06:00:04] 清空文件......
[2021-02-05 06:00:04] 清空文件完成......
[2021-02-05 06:00:04] 3获取中...
[2021-02-05 06:00:07] 3获取完成!
[2021-02-05 06:00:07] 12获取中...
[2021-02-05 06:00:09] 12获取完成!
[2021-02-05 06:00:09] 48获取中...
[2021-02-05 06:00:11] 48获取完成!
[2021-02-05 06:00:11] 192获取中...
[2021-02-05 06:00:13] 192获取完成!
[2021-02-05 06:00:13] 768获取中...
[2021-02-05 06:00:15] 768获取完成!
[2021-02-05 06:00:15] 调用Python......
[2021-02-05 06:00:15] SUCCESS End
[2021-02-05 06:00:15] 
